<?xml version="1.0" encoding="UTF-8"?>
<testng-results ignored="0" total="1" passed="1" failed="0" skipped="0">
  <reporter-output>
  </reporter-output>
  <suite started-at="2024-05-02T16:06:57 IST" name="Default suite" finished-at="2024-05-02T16:07:49 IST" duration-ms="52262">
    <groups>
    </groups>
    <test started-at="2024-05-02T16:06:57 IST" name="Default test" finished-at="2024-05-02T16:07:49 IST" duration-ms="52262">
      <class name="WebAppsTest.WebTest">
        <test-method is-config="true" signature="capabilities()[pri:0, instance:WebAppsTest.WebTest@4a7f959b]" started-at="2024-05-02T16:06:57 IST" name="capabilities" finished-at="2024-05-02T16:07:41 IST" duration-ms="43998" status="PASS">
          <reporter-output>
          </reporter-output>
        </test-method> <!-- capabilities -->
        <test-method signature="Test1()[pri:0, instance:WebAppsTest.WebTest@4a7f959b]" started-at="2024-05-02T16:07:41 IST" name="Test1" finished-at="2024-05-02T16:07:49 IST" duration-ms="8189" status="PASS">
          <reporter-output>
          </reporter-output>
        </test-method> <!-- Test1 -->
      </class> <!-- WebAppsTest.WebTest -->
    </test> <!-- Default test -->
  </suite> <!-- Default suite -->
</testng-results>
